Using pre-set license
Built from '2020.3/staging' branch; Version is '2020.3.10f1 (297d780c91bc) revision 2719096'; Using compiler version '192528614'; Build Type 'Release'
OS: 'Windows 10 Pro; OS build 19042.1052; Version 2009; 64bit' Language: 'pt' Physical Memory: 6050 MB
BatchMode: 1, IsHumanControllingUs: 0, StartBugReporterOnCrash: 0, Is64bit: 1, IsPro: 0

 COMMAND LINE ARGUMENTS:
C:\Program Files\Unity\Hub\Editor\2020.3.10f1\Editor\Unity.exe
-adb2
-batchMode
-noUpm
-name
AssetImportWorker0
-projectPath
C:/Users/leaow/Documents/01 - Game Development/01 - Unity/01 - Projetos/02 - Estudos/01 - Repositorios (GitHub)/platform-shooter
-logFile
Logs/AssetImportWorker0.log
-srvPort
58921
Successfully changed project path to: C:/Users/leaow/Documents/01 - Game Development/01 - Unity/01 - Projetos/02 - Estudos/01 - Repositorios (GitHub)/platform-shooter
C:/Users/leaow/Documents/01 - Game Development/01 - Unity/01 - Projetos/02 - Estudos/01 - Repositorios (GitHub)/platform-shooter
Using Asset Import Pipeline V2.
Refreshing native plugins compatible for Editor in 70.28 ms, found 3 plugins.
Preloading 0 native plugins for Editor in 0.00 ms.
Initialize engine version: 2020.3.10f1 (297d780c91bc)
[Subsystems] Discovering subsystems at path C:/Program Files/Unity/Hub/Editor/2020.3.10f1/Editor/Data/Resources/UnitySubsystems
[Subsystems] Discovering subsystems at path C:/Users/leaow/Documents/01 - Game Development/01 - Unity/01 - Projetos/02 - Estudos/01 - Repositorios (GitHub)/platform-shooter/Assets
GfxDevice: creating device client; threaded=0
Direct3D:
    Version:  Direct3D 11.0 [level 10.1]
    Renderer: Intel(R) HD Graphics (ID=0x102)
    Vendor:   
    VRAM:     128 MB
    Driver:   9.17.10.4459
Initialize mono
Mono path[0] = 'C:/Program Files/Unity/Hub/Editor/2020.3.10f1/Editor/Data/Managed'
Mono path[1] = 'C:/Program Files/Unity/Hub/Editor/2020.3.10f1/Editor/Data/MonoBleedingEdge/lib/mono/unityjit'
Mono config path = 'C:/Program Files/Unity/Hub/Editor/2020.3.10f1/Editor/Data/MonoBleedingEdge/etc'
Using monoOptions --debugger-agent=transport=dt_socket,embedding=1,server=y,suspend=n,address=127.0.0.1:56148
Begin MonoManager ReloadAssembly
Registering precompiled unity dll's ...
Register platform support module: C:/Program Files/Unity/Hub/Editor/2020.3.10f1/Editor/Data/PlaybackEngines/WebGLSupport/UnityEditor.WebGL.Extensions.dll
Register platform support module: C:/Program Files/Unity/Hub/Editor/2020.3.10f1/Editor/Data/PlaybackEngines/WindowsStandaloneSupport/UnityEditor.WindowsStandalone.Extensions.dll
Registered in 0.005715 seconds.
Native extension for WindowsStandalone target not found
Native extension for WebGL target not found
Refreshing native plugins compatible for Editor in 65.47 ms, found 3 plugins.
Preloading 0 native plugins for Editor in 0.00 ms.
Mono: successfully reloaded assembly
- Completed reload, in  3.587 seconds
Platform modules already initialized, skipping
Registering precompiled user dll's ...
Registered in 0.008991 seconds.
Begin MonoManager ReloadAssembly
Native extension for WindowsStandalone target not found
Native extension for WebGL target not found
Refreshing native plugins compatible for Editor in 63.24 ms, found 3 plugins.
Preloading 0 native plugins for Editor in 0.00 ms.
Mono: successfully reloaded assembly
- Completed reload, in  1.816 seconds
Platform modules already initialized, skipping
========================================================================
Worker process is ready to serve import requests
Launched and connected shader compiler UnityShaderCompiler.exe after 0.22 seconds
Refreshing native plugins compatible for Editor in 0.65 ms, found 3 plugins.
Preloading 0 native plugins for Editor in 0.00 ms.
Unloading 2097 Unused Serialized files (Serialized files now loaded: 0)
System memory in use before: 94.3 MB.
System memory in use after: 94.2 MB.

Unloading 33 unused Assets to reduce memory usage. Loaded Objects now: 2530.
Total: 2.983500 ms (FindLiveObjects: 0.219200 ms CreateObjectMapping: 0.109200 ms MarkObjects: 2.475100 ms  DeleteObjects: 0.178100 ms)

========================================================================
Received Import Request.
  path: Assets/Scripts/Player/PlayerInput.cs
  artifactKey: Guid(13892a6c5e76d7149b68ecac81e66df9) Importer(815301076,1909f56bfc062723c751e8b465ee728b)
Start importing Assets/Scripts/Player/PlayerInput.cs using Guid(13892a6c5e76d7149b68ecac81e66df9) Importer(815301076,1909f56bfc062723c751e8b465ee728b)  -> (artifact id: 'a5845942941be27b266a65166e492274') in 0.109756 seconds
  Import took 0.137582 seconds .

========================================================================
Received Import Request.
  Time since last request: 2.187450 seconds.
  path: Assets/Scripts/Player/Old
  artifactKey: Guid(55ccc5d26dc219f4aacaa8666302b5b4) Importer(815301076,1909f56bfc062723c751e8b465ee728b)
Start importing Assets/Scripts/Player/Old using Guid(55ccc5d26dc219f4aacaa8666302b5b4) Importer(815301076,1909f56bfc062723c751e8b465ee728b)  -> (artifact id: 'e1be476e92bdae7c09dc369f41e2029e') in 0.017423 seconds
  Import took 0.025193 seconds .

========================================================================
Received Import Request.
  Time since last request: 1.815622 seconds.
  path: Assets/Scripts/Player/PlayerInputDesktop.cs
  artifactKey: Guid(15c45164444db0d40b69fca9f462dc5a) Importer(815301076,1909f56bfc062723c751e8b465ee728b)
Start importing Assets/Scripts/Player/PlayerInputDesktop.cs using Guid(15c45164444db0d40b69fca9f462dc5a) Importer(815301076,1909f56bfc062723c751e8b465ee728b)  -> (artifact id: 'f007478fef687b223dc8bca4ed04a0d8') in 0.014054 seconds
  Import took 0.030217 seconds .

========================================================================
Received Import Request.
  Time since last request: 4.004342 seconds.
  path: Assets/Scripts/Player/PlayerJump.cs
  artifactKey: Guid(072aa76cc2a6a7746a64e80b3d993d5d) Importer(815301076,1909f56bfc062723c751e8b465ee728b)
Start importing Assets/Scripts/Player/PlayerJump.cs using Guid(072aa76cc2a6a7746a64e80b3d993d5d) Importer(815301076,1909f56bfc062723c751e8b465ee728b)  -> (artifact id: '205da4dfe3005c486d0fecbcf427d248') in 0.061103 seconds
  Import took 0.076222 seconds .

========================================================================
Received Import Request.
  Time since last request: 0.296828 seconds.
  path: Assets/Scripts/Player/PlayerMovement.cs
  artifactKey: Guid(12f2e00abedfd064e8036d1f7145a88c) Importer(815301076,1909f56bfc062723c751e8b465ee728b)
Start importing Assets/Scripts/Player/PlayerMovement.cs using Guid(12f2e00abedfd064e8036d1f7145a88c) Importer(815301076,1909f56bfc062723c751e8b465ee728b)  -> (artifact id: '2e6991b443343ddbd3f9ab08b3206d25') in 0.024871 seconds
  Import took 0.554815 seconds .

========================================================================
Received Import Request.
  Time since last request: 0.000551 seconds.
  path: Assets/Scripts/Player/PlayerController.cs
  artifactKey: Guid(58b2cd54a3c114d48865670b3450fe0f) Importer(815301076,1909f56bfc062723c751e8b465ee728b)
Start importing Assets/Scripts/Player/PlayerController.cs using Guid(58b2cd54a3c114d48865670b3450fe0f) Importer(815301076,1909f56bfc062723c751e8b465ee728b)  -> (artifact id: '8ded76b497567b147745ca765d97c544') in 0.019299 seconds
  Import took 0.157656 seconds .

========================================================================
Received Prepare
Registering precompiled user dll's ...
Registered in 0.008256 seconds.
Begin MonoManager ReloadAssembly
Native extension for WindowsStandalone target not found
Native extension for WebGL target not found
Refreshing native plugins compatible for Editor in 0.81 ms, found 3 plugins.
Preloading 0 native plugins for Editor in 0.00 ms.
Mono: successfully reloaded assembly
- Completed reload, in  3.703 seconds
Platform modules already initialized, skipping
Switching build target platform(19) subTarget(0) extendedPlatform(0) -> platform(13) subTarget(537395200) extendedPlatform(0)
Refreshing native plugins compatible for Editor in 0.98 ms, found 3 plugins.
Preloading 0 native plugins for Editor in 0.00 ms.
Unloading 2095 Unused Serialized files (Serialized files now loaded: 0)
System memory in use before: 94.2 MB.
System memory in use after: 94.2 MB.

Unloading 21 unused Assets to reduce memory usage. Loaded Objects now: 2534.
Total: 4.422700 ms (FindLiveObjects: 0.241600 ms CreateObjectMapping: 0.304700 ms MarkObjects: 3.705900 ms  DeleteObjects: 0.167800 ms)

AssetImportParameters requested are different than current active one (requested -> active):
  custom:graphics/normal-map-encoding: 01000000000000000000000000000000 -> 02000000000000000000000000000000
========================================================================
Received Prepare
Registering precompiled user dll's ...
Registered in 0.010335 seconds.
Begin MonoManager ReloadAssembly
Native extension for WindowsStandalone target not found
Native extension for WebGL target not found
Refreshing native plugins compatible for Editor in 73.22 ms, found 3 plugins.
Preloading 0 native plugins for Editor in 0.00 ms.
Mono: successfully reloaded assembly
- Completed reload, in  1.742 seconds
Platform modules already initialized, skipping
Switching build target platform(19) subTarget(0) extendedPlatform(0) -> platform(13) subTarget(537395200) extendedPlatform(0)
Refreshing native plugins compatible for Editor in 1.20 ms, found 3 plugins.
Preloading 0 native plugins for Editor in 0.00 ms.
Unloading 2391 Unused Serialized files (Serialized files now loaded: 0)
System memory in use before: 103.5 MB.
System memory in use after: 103.6 MB.

Unloading 19 unused Assets to reduce memory usage. Loaded Objects now: 2827.
Total: 2.939500 ms (FindLiveObjects: 0.292000 ms CreateObjectMapping: 0.137400 ms MarkObjects: 2.239500 ms  DeleteObjects: 0.268500 ms)

AssetImportParameters requested are different than current active one (requested -> active):
  custom:graphics/normal-map-encoding: 01000000000000000000000000000000 -> 02000000000000000000000000000000
AssetImportWorkerClient::OnTransportError - code=2 error=End of file
